<?xml version="1.0" encoding="UTF-8"?>
<!-- Generated by org.testng.reporters.JUnitReportReporter -->
<testsuite hostname="DESKTOP-8TB63JM" failures="0" tests="4" name="com.RunnerFiles.Runner_TestNG" time="21.729" errors="0" timestamp="2024-08-23T17:19:42 EDT" skipped="0">
  <testcase classname="com.RunnerFiles.Runner_TestNG" name="runScenario" time="3.904"/>
  <testcase classname="com.RunnerFiles.Runner_TestNG" name="runScenario" time="5.982"/>
  <testcase classname="com.RunnerFiles.Runner_TestNG" name="runScenario" time="6.107"/>
  <testcase classname="com.RunnerFiles.Runner_TestNG" name="runScenario" time="5.736"/>
</testsuite> <!-- com.RunnerFiles.Runner_TestNG -->
