<?xml version="1.0" encoding="UTF-8"?>
<!-- Generated by org.testng.reporters.JUnitReportReporter -->
<testsuite hostname="DESKTOP-8TB63JM" failures="0" tests="7" name="com.RunnerFiles.Runner_TestNG" time="0.590" errors="7" timestamp="2024-08-19T16:32:19 EDT" skipped="0">
  <testcase classname="com.RunnerFiles.Runner_TestNG" name="runScenario" time="0.046">
    <error message="Cannot invoke &quot;org.openqa.selenium.WebDriver.manage()&quot; because &quot;this.driver&quot; is null" type="java.lang.NullPointerException">
      <![CDATA[java.lang.NullPointerException: Cannot invoke "org.openqa.selenium.WebDriver.manage()" because "this.driver" is null
at com.Hooks.MyHooks.setup(MyHooks.java:26)
]]>
    </error>
  </testcase> <!-- runScenario -->
  <testcase classname="com.RunnerFiles.Runner_TestNG" name="runScenario" time="0.036">
    <error message="Cannot invoke &quot;org.openqa.selenium.WebDriver.manage()&quot; because &quot;this.driver&quot; is null" type="java.lang.NullPointerException">
      <![CDATA[java.lang.NullPointerException: Cannot invoke "org.openqa.selenium.WebDriver.manage()" because "this.driver" is null
at com.Hooks.MyHooks.setup(MyHooks.java:26)
]]>
    </error>
  </testcase> <!-- runScenario -->
  <testcase classname="com.RunnerFiles.Runner_TestNG" name="runScenario" time="0.070">
    <error message="Cannot invoke &quot;org.openqa.selenium.WebDriver.manage()&quot; because &quot;this.driver&quot; is null" type="java.lang.NullPointerException">
      <![CDATA[java.lang.NullPointerException: Cannot invoke "org.openqa.selenium.WebDriver.manage()" because "this.driver" is null
at com.Hooks.MyHooks.setup(MyHooks.java:26)
]]>
    </error>
  </testcase> <!-- runScenario -->
  <testcase classname="com.RunnerFiles.Runner_TestNG" name="runScenario" time="0.040">
    <error message="Cannot invoke &quot;org.openqa.selenium.WebDriver.manage()&quot; because &quot;this.driver&quot; is null" type="java.lang.NullPointerException">
      <![CDATA[java.lang.NullPointerException: Cannot invoke "org.openqa.selenium.WebDriver.manage()" because "this.driver" is null
at com.Hooks.MyHooks.setup(MyHooks.java:26)
]]>
    </error>
  </testcase> <!-- runScenario -->
  <testcase classname="com.RunnerFiles.Runner_TestNG" name="runScenario" time="0.284">
    <error message="Cannot invoke &quot;org.openqa.selenium.WebDriver.manage()&quot; because &quot;this.driver&quot; is null" type="java.lang.NullPointerException">
      <![CDATA[java.lang.NullPointerException: Cannot invoke "org.openqa.selenium.WebDriver.manage()" because "this.driver" is null
at com.Hooks.MyHooks.setup(MyHooks.java:26)
]]>
    </error>
  </testcase> <!-- runScenario -->
  <testcase classname="com.RunnerFiles.Runner_TestNG" name="runScenario" time="0.066">
    <error message="Cannot invoke &quot;org.openqa.selenium.WebDriver.manage()&quot; because &quot;this.driver&quot; is null" type="java.lang.NullPointerException">
      <![CDATA[java.lang.NullPointerException: Cannot invoke "org.openqa.selenium.WebDriver.manage()" because "this.driver" is null
at com.Hooks.MyHooks.setup(MyHooks.java:26)
]]>
    </error>
  </testcase> <!-- runScenario -->
  <testcase classname="com.RunnerFiles.Runner_TestNG" name="runScenario" time="0.048">
    <error message="Cannot invoke &quot;org.openqa.selenium.WebDriver.manage()&quot; because &quot;this.driver&quot; is null" type="java.lang.NullPointerException">
      <![CDATA[java.lang.NullPointerException: Cannot invoke "org.openqa.selenium.WebDriver.manage()" because "this.driver" is null
at com.Hooks.MyHooks.setup(MyHooks.java:26)
]]>
    </error>
  </testcase> <!-- runScenario -->
</testsuite> <!-- com.RunnerFiles.Runner_TestNG -->
