<?xml version="1.0" encoding="UTF-8"?>
<!-- Generated by org.testng.reporters.JUnitReportReporter -->
<testsuite hostname="DESKTOP-8TB63JM" failures="0" tests="4" name="com.RunnerFiles.Runner_TestNG" time="20.964" errors="0" timestamp="2024-08-23T17:24:30 EDT" skipped="0">
  <testcase classname="com.RunnerFiles.Runner_TestNG" name="runScenario" time="5.798"/>
  <testcase classname="com.RunnerFiles.Runner_TestNG" name="runScenario" time="5.963"/>
  <testcase classname="com.RunnerFiles.Runner_TestNG" name="runScenario" time="5.480"/>
  <testcase classname="com.RunnerFiles.Runner_TestNG" name="runScenario" time="3.723"/>
</testsuite> <!-- com.RunnerFiles.Runner_TestNG -->
